#
# There is insufficient memory for the Java Runtime Environment to continue.
# Native memory allocation (mmap) failed to map 130023424 bytes for G1 virtual space
# Possible reasons:
#   The system is out of physical RAM or swap space
#   The process is running with CompressedOops enabled, and the Java Heap may be blocking the growth of the native heap
# Possible solutions:
#   Reduce memory load on the system
#   Increase physical memory or swap space
#   Check if swap backing store is full
#   Decrease Java heap size (-Xmx/-Xms)
#   Decrease number of Java threads
#   Decrease Java thread stack sizes (-Xss)
#   Set larger code cache with -XX:ReservedCodeCacheSize=
#   JVM is running with Unscaled Compressed Oops mode in which the Java heap is
#     placed in the first 4GB address space. The Java Heap base address is the
#     maximum limit for the native heap growth. Please use -XX:HeapBaseMinAddress
#     to set the Java Heap base and to place the Java Heap above 4GB virtual address.
# This output file may be truncated or incomplete.
#
#  Out of Memory Error (./open/src/hotspot/os/windows/os_windows.cpp:3321), pid=1204, tid=26044
#
# JRE version:  (15.0.2+7) (build )
# Java VM: OpenJDK 64-Bit Server VM (15.0.2+7-27, mixed mode, sharing, tiered, compressed oops, g1 gc, windows-amd64)
# No core dump will be written. Minidumps are not enabled by default on client versions of Windows
#

---------------  S U M M A R Y ------------

Command Line: -Dfile.encoding=Cp1252 -XX:+ShowCodeDetailsInExceptionMessages com.FourMation.travels.DeleteCustomer

Host: 11th Gen Intel(R) Core(TM) i3-1115G4 @ 3.00GHz, 4 cores, 7G,  Windows 10 , 64 bit Build 22621 (10.0.22621.1928)
Time: Wed Jul 19 14:06:28 2023 India Standard Time elapsed time: 0.016020 seconds (0d 0h 0m 0s)

---------------  T H R E A D  ---------------

Current thread (0x0000022ef4f2c770):  JavaThread "Unknown thread" [_thread_in_vm, id=26044, stack(0x000000b2d0100000,0x000000b2d0200000)]

Stack: [0x000000b2d0100000,0x000000b2d0200000]
Native frames: (J=compiled Java code, j=interpreted, Vv=VM code, C=native code)
V  [jvm.dll+0x62ae9a]
V  [jvm.dll+0x7817a9]
V  [jvm.dll+0x782f03]
V  [jvm.dll+0x783563]
V  [jvm.dll+0x216325]
V  [jvm.dll+0x6281d9]
V  [jvm.dll+0x61cf55]
V  [jvm.dll+0x2cffdd]
V  [jvm.dll+0x2cfe42]
V  [jvm.dll+0x2d5e1c]
V  [jvm.dll+0x32590a]
V  [jvm.dll+0x324fd4]
V  [jvm.dll+0x2a6f5a]
V  [jvm.dll+0x2a80f8]
V  [jvm.dll+0x75e241]
V  [jvm.dll+0x3341c4]
V  [jvm.dll+0x73e926]
V  [jvm.dll+0x3b7557]
V  [jvm.dll+0x3b8fe1]
C  [jli.dll+0x52fb]
C  [ucrtbase.dll+0x29363]
C  [KERNEL32.DLL+0x126ad]
C  [ntdll.dll+0x5aa68]


---------------  P R O C E S S  ---------------

Threads class SMR info:
_java_thread_list=0x00007ffcdcc54ff0, length=0, elements={
}

Java Threads: ( => current thread )

Other Threads:
  0x0000022ef4f6cbc0 GCTaskThread "GC Thread#0" [stack: 0x000000b2d0200000,0x000000b2d0300000] [id=24592]
  0x0000022ef4f7f5a0 ConcurrentGCThread "G1 Main Marker" [stack: 0x000000b2d0300000,0x000000b2d0400000] [id=25624]
  0x0000022ef4f80a10 ConcurrentGCThread "G1 Conc#0" [stack: 0x000000b2d0400000,0x000000b2d0500000] [id=26304]

[error occurred during error reporting (printing all threads), id 0xc0000005, EXCEPTION_ACCESS_VIOLATION (0xc0000005) at pc=0x00007ffcdc447e27]

VM state: not at safepoint (not fully initialized)

VM Mutex/Monitor currently owned by a thread:  ([mutex/lock_event])
[0x0000022ef4f29490] Heap_lock - owner thread: 0x0000022ef4f2c770

Heap address: 0x0000000084000000, size: 1984 MB, Compressed Oops mode: 32-bit
CDS archive(s) mapped at: [0x0000000000000000-0x0000000000000000-0x0000000000000000), size 0, SharedBaseAddress: 0x0000000800000000, ArchiveRelocationMode: 0.
Narrow klass base: 0x0000000000000000, Narrow klass shift: 0, Narrow klass range: 0x0

Heap:
 garbage-first heap   total 126976K, used 0K [0x0000000084000000, 0x0000000100000000)
  region size 1024K, 0 young (0K), 0 survivors (0K)
 Metaspace       used 0K, capacity 0K, committed 0K, reserved 0K
  class space    used 0K, capacity 0K, committed 0K, reserved 0K

Heap Regions: E=young(eden), S=young(survivor), O=old, HS=humongous(starts), HC=humongous(continues), CS=collection set, F=free, OA=open archive, CA=closed archive, TAMS=top-at-mark-start (previous, next)

Card table byte_map: [0x0000022ef8d20000,0x0000022ef9100000] _byte_map_base: 0x0000022ef8900000

Marking Bits (Prev, Next): (CMBitMap*) 0x0000022ef4f6f340, (CMBitMap*) 0x0000022ef4f6f380
 Prev Bits: [0x0000022ef94e0000, 0x0000022efb3e0000)
 Next Bits: [0x0000022efb3e0000, 0x0000022efd2e0000)

GC Heap History (0 events):
No events

Deoptimization events (0 events):
No events

Classes unloaded (0 events):
No events

Classes redefined (0 events):
No events

Internal exceptions (0 events):
No events

Events (1 events):
Event: 0.010 Loaded shared library E:\eclipse\plugins\org.eclipse.justj.openjdk.hotspot.jre.full.win32.x86_64_15.0.2.v20210201-0955\jre\bin\java.dll


Dynamic libraries:
0x00007ff66d710000 - 0x00007ff66d71d000 	E:\eclipse\plugins\org.eclipse.justj.openjdk.hotspot.jre.full.win32.x86_64_15.0.2.v20210201-0955\jre\bin\javaw.exe
0x00007ffd181f0000 - 0x00007ffd18404000 	C:\WINDOWS\SYSTEM32\ntdll.dll
0x00007ffd17520000 - 0x00007ffd175e2000 	C:\WINDOWS\System32\KERNEL32.DLL
0x00007ffd15ba0000 - 0x00007ffd15f43000 	C:\WINDOWS\System32\KERNELBASE.dll
0x00007ffd15660000 - 0x00007ffd15771000 	C:\WINDOWS\System32\ucrtbase.dll
0x00007ffcfad50000 - 0x00007ffcfad68000 	E:\eclipse\plugins\org.eclipse.justj.openjdk.hotspot.jre.full.win32.x86_64_15.0.2.v20210201-0955\jre\bin\jli.dll
0x00007ffd17730000 - 0x00007ffd178da000 	C:\WINDOWS\System32\USER32.dll
0x00007ffd15a00000 - 0x00007ffd15a26000 	C:\WINDOWS\System32\win32u.dll
0x00007ffd16660000 - 0x00007ffd16689000 	C:\WINDOWS\System32\GDI32.dll
0x00007ffd15780000 - 0x00007ffd15899000 	C:\WINDOWS\System32\gdi32full.dll
0x00007ffd15960000 - 0x00007ffd159fa000 	C:\WINDOWS\System32\msvcp_win.dll
0x00007ffcfd540000 - 0x00007ffcfd559000 	E:\eclipse\plugins\org.eclipse.justj.openjdk.hotspot.jre.full.win32.x86_64_15.0.2.v20210201-0955\jre\bin\VCRUNTIME140.dll
0x00007ffcf6390000 - 0x00007ffcf661e000 	C:\WINDOWS\WinSxS\amd64_microsoft.windows.common-controls_6595b64144ccf1df_6.0.22621.1635_none_270f70857386168e\COMCTL32.dll
0x00007ffd165b0000 - 0x00007ffd16657000 	C:\WINDOWS\System32\msvcrt.dll
0x00007ffd17100000 - 0x00007ffd17131000 	C:\WINDOWS\System32\IMM32.DLL
0x00007ffcfd530000 - 0x00007ffcfd53c000 	E:\eclipse\plugins\org.eclipse.justj.openjdk.hotspot.jre.full.win32.x86_64_15.0.2.v20210201-0955\jre\bin\vcruntime140_1.dll
0x00007ffcfacb0000 - 0x00007ffcfad41000 	E:\eclipse\plugins\org.eclipse.justj.openjdk.hotspot.jre.full.win32.x86_64_15.0.2.v20210201-0955\jre\bin\msvcp140.dll
0x00007ffcdc190000 - 0x00007ffcdccee000 	E:\eclipse\plugins\org.eclipse.justj.openjdk.hotspot.jre.full.win32.x86_64_15.0.2.v20210201-0955\jre\bin\server\jvm.dll
0x00007ffd18050000 - 0x00007ffd180fe000 	C:\WINDOWS\System32\ADVAPI32.dll
0x00007ffd18100000 - 0x00007ffd181a4000 	C:\WINDOWS\System32\sechost.dll
0x00007ffd178e0000 - 0x00007ffd179f7000 	C:\WINDOWS\System32\RPCRT4.dll
0x00007ffd17a00000 - 0x00007ffd17a08000 	C:\WINDOWS\System32\PSAPI.DLL
0x00007ffcf6f30000 - 0x00007ffcf6f39000 	C:\WINDOWS\SYSTEM32\WSOCK32.dll
0x00007ffd0d490000 - 0x00007ffd0d4c4000 	C:\WINDOWS\SYSTEM32\WINMM.dll
0x00007ffd16530000 - 0x00007ffd165a1000 	C:\WINDOWS\System32\WS2_32.dll
0x00007ffd0b1f0000 - 0x00007ffd0b1fa000 	C:\WINDOWS\SYSTEM32\VERSION.dll
0x00007ffd14600000 - 0x00007ffd14618000 	C:\WINDOWS\SYSTEM32\kernel.appcore.dll
0x00007ffcf7030000 - 0x00007ffcf703a000 	E:\eclipse\plugins\org.eclipse.justj.openjdk.hotspot.jre.full.win32.x86_64_15.0.2.v20210201-0955\jre\bin\jimage.dll
0x00007ffd12ef0000 - 0x00007ffd1311e000 	C:\WINDOWS\SYSTEM32\DBGHELP.DLL
0x00007ffd17cc0000 - 0x00007ffd18049000 	C:\WINDOWS\System32\combase.dll
0x00007ffd17be0000 - 0x00007ffd17cb7000 	C:\WINDOWS\System32\OLEAUT32.dll
0x00007ffcfed70000 - 0x00007ffcfeda2000 	C:\WINDOWS\SYSTEM32\dbgcore.DLL
0x00007ffd15f50000 - 0x00007ffd15fca000 	C:\WINDOWS\System32\bcryptPrimitives.dll
0x00007ffcdc160000 - 0x00007ffcdc185000 	E:\eclipse\plugins\org.eclipse.justj.openjdk.hotspot.jre.full.win32.x86_64_15.0.2.v20210201-0955\jre\bin\java.dll

dbghelp: loaded successfully - version: 4.0.5 - missing functions: none
symbol engine: initialized successfully - sym options: 0x614 - pdb path: .;E:\eclipse\plugins\org.eclipse.justj.openjdk.hotspot.jre.full.win32.x86_64_15.0.2.v20210201-0955\jre\bin;C:\WINDOWS\SYSTEM32;C:\WINDOWS\WinSxS\amd64_microsoft.windows.common-controls_6595b64144ccf1df_6.0.22621.1635_none_270f70857386168e;E:\eclipse\plugins\org.eclipse.justj.openjdk.hotspot.jre.full.win32.x86_64_15.0.2.v20210201-0955\jre\bin\server

VM Arguments:
jvm_args: -Dfile.encoding=Cp1252 -XX:+ShowCodeDetailsInExceptionMessages 
java_command: com.FourMation.travels.DeleteCustomer
java_class_path (initial): E:\Fanna workspace\TravelAndTourismManagementSystem\bin;E:\Oracle\ojdbc14.jar;C:\Users\RADHAGOVIND\Downloads\rs2xml (1).jar
Launcher Type: SUN_STANDARD

[Global flags]
     intx CICompilerCount                          = 3                                         {product} {ergonomic}
     uint ConcGCThreads                            = 1                                         {product} {ergonomic}
     uint G1ConcRefinementThreads                  = 4                                         {product} {ergonomic}
   size_t G1HeapRegionSize                         = 1048576                                   {product} {ergonomic}
    uintx GCDrainStackTargetSize                   = 64                                        {product} {ergonomic}
   size_t InitialHeapSize                          = 130023424                                 {product} {ergonomic}
   size_t MarkStackSize                            = 4194304                                   {product} {ergonomic}
   size_t MaxHeapSize                              = 2080374784                                {product} {ergonomic}
   size_t MinHeapDeltaBytes                        = 1048576                                   {product} {ergonomic}
   size_t MinHeapSize                              = 8388608                                   {product} {ergonomic}
    uintx NonNMethodCodeHeapSize                   = 5832780                                {pd product} {ergonomic}
    uintx NonProfiledCodeHeapSize                  = 122912730                              {pd product} {ergonomic}
    uintx ProfiledCodeHeapSize                     = 122912730                              {pd product} {ergonomic}
    uintx ReservedCodeCacheSize                    = 251658240                              {pd product} {ergonomic}
     bool SegmentedCodeCache                       = true                                      {product} {ergonomic}
     bool ShowCodeDetailsInExceptionMessages       = true                                   {manageable} {command line}
   size_t SoftMaxHeapSize                          = 2080374784                             {manageable} {ergonomic}
     bool UseCompressedClassPointers               = true                                 {lp64_product} {ergonomic}
     bool UseCompressedOops                        = true                                 {lp64_product} {ergonomic}
     bool UseG1GC                                  = true                                      {product} {ergonomic}
     bool UseLargePagesIndividualAllocation        = false                                  {pd product} {ergonomic}

Logging:
Log output configuration:
 #0: stdout all=warning uptime,level,tags
 #1: stderr all=off uptime,level,tags

Environment Variables:
PATH=E:/eclipse//plugins/org.eclipse.justj.openjdk.hotspot.jre.full.win32.x86_64_15.0.2.v20210201-0955/jre/bin/server;E:/eclipse//plugins/org.eclipse.justj.openjdk.hotspot.jre.full.win32.x86_64_15.0.2.v20210201-0955/jre/bin;C:\oraclexe\app\oracle\product\11.2.0\server\bin;;C:\Program Files\Python311\Scripts\;C:\Program Files\Python311\;C:\WINDOWS\system32;C:\WINDOWS;C:\WINDOWS\System32\Wbem;C:\WINDOWS\System32\WindowsPowerShell\v1.0\;C:\WINDOWS\System32\OpenSSH\;C:\Program Files\MySQL\MySQL Server 8.0;C:\Program Files\Python311\Scripts;C:\Program Files\dotnet\;C:\Program Files\Git\cmd;C:\Program Files\MySQL\MySQL Shell 8.0\bin\;C:\Users\RADHAGOVIND\AppData\Local\Microsoft\WindowsApps;C:\Program Files\Python311\Scripts;C:\Users\RADHAGOVIND\.dotnet\tools;E:\Microsoft VS Code\bin;;E:\eclipse;
USERNAME=RADHAGOVIND
OS=Windows_NT
PROCESSOR_IDENTIFIER=Intel64 Family 6 Model 140 Stepping 1, GenuineIntel



---------------  S Y S T E M  ---------------

OS:
 Windows 10 , 64 bit Build 22621 (10.0.22621.1928)
OS uptime: 4 days 1:38 hours
HyperV virtualization detected

CPU: total 4 (initial active 4) (2 cores per cpu, 2 threads per core) family 6 model 140 stepping 1 microcode 0x86, cmov, cx8, fxsr, mmx, sse, sse2, sse3, ssse3, sse4.1, sse4.2, popcnt, vzeroupper, avx, avx2, aes, clmul, erms, 3dnowpref, lzcnt, ht, tsc, tscinvbit, bmi1, bmi2, adx, avx512f, avx512dq, avx512cd, avx512bw, avx512vl, avx512_vpopcntdq, avx512_vpclmulqdq, avx512_vbmi, avx512_vbmi2, avx512_vaes, avx512_vnni, sha, fma, clflush, clflushopt, clwb

Memory: 4k page, system-wide physical 7932M (1083M free)
TotalPageFile size 32508M (AvailPageFile size 9M)
current process WorkingSet (physical memory assigned to process): 10M, peak: 10M
current process commit charge ("private bytes"): 51M, peak: 175M

vm_info: OpenJDK 64-Bit Server VM (15.0.2+7-27) for windows-amd64 JRE (15.0.2+7-27), built on Dec  7 2020 20:02:38 by "mach5one" with unknown MS VC++:1925

END.
